2025-03-01 09:30:32.257 [info] [main] Log level: Info
2025-03-01 09:30:32.257 [info] [main] Validating found git in: "git"
2025-03-01 09:30:32.257 [info] [main] Using git "2.48.1" from "git"
2025-03-01 09:30:32.257 [info] [Model][doInitialScan] Initial repository scan started
2025-03-01 09:30:32.257 [info] > git rev-parse --show-toplevel [131ms]
2025-03-01 09:30:32.305 [info] > git rev-parse --git-dir --git-common-dir [16ms]
2025-03-01 09:30:32.484 [info] [Model][openRepository] Opened repository: /home/arthur/.config/waybar
2025-03-01 09:30:32.742 [info] > git rev-parse --show-toplevel [182ms]
2025-03-01 09:30:32.754 [info] > git config --get commit.template [205ms]
2025-03-01 09:30:32.833 [info] > git rev-parse --show-toplevel [34ms]
2025-03-01 09:30:32.835 [info] [Model][doInitialScan] Initial repository scan completed - repositories (1), closed repositories (0), parent repositories (0), unsafe repositories (0)
2025-03-01 09:30:32.928 [info] > git for-each-ref --format=%(refname)%00%(upstream:short)%00%(objectname)%00%(upstream:track)%00%(upstream:remotename)%00%(upstream:remoteref) refs/heads/main refs/remotes/main [103ms]
2025-03-01 09:30:33.010 [warning] [Git][revParse] Unable to read file: ENOENT: no such file or directory, open '/home/arthur/.config/waybar/.git/refs/remotes/origin/main'
2025-03-01 09:30:33.064 [info] > git rev-parse refs/remotes/origin/main [54ms]
2025-03-01 09:30:33.127 [info] > git status -z -uall [31ms]
2025-03-01 09:30:33.134 [info] > git for-each-ref --sort -committerdate --format %(refname) %(objectname) %(*objectname) [15ms]
2025-03-01 09:30:33.233 [info] > git for-each-ref --format=%(refname)%00%(upstream:short)%00%(objectname)%00%(upstream:track)%00%(upstream:remotename)%00%(upstream:remoteref) refs/heads/main refs/remotes/main [23ms]
2025-03-01 09:30:33.293 [info] > git config --get --local branch.main.vscode-merge-base [38ms]
2025-03-01 09:30:33.320 [info] > git config --get commit.template [86ms]
2025-03-01 09:30:33.367 [info] > git check-ignore -v -z --stdin [17ms]
2025-03-01 09:30:33.373 [info] > git for-each-ref --format=%(refname)%00%(upstream:short)%00%(objectname)%00%(upstream:track)%00%(upstream:remotename)%00%(upstream:remoteref) refs/heads/origin/main refs/remotes/origin/main [54ms]
2025-03-01 09:30:33.529 [info] > git show --textconv :style.css [117ms]
2025-03-01 09:30:33.529 [info] > git ls-files --stage -- /home/arthur/.config/waybar/style.css [101ms]
2025-03-01 09:30:33.545 [info] > git merge-base refs/heads/main refs/remotes/origin/main [153ms]
2025-03-01 09:30:33.580 [info] > git diff --name-status -z --diff-filter=ADMR 6da802b36d58ea4dd639148fdabcfc67f5cb06b8...refs/remotes/origin/main [20ms]
2025-03-01 09:30:33.584 [info] > git cat-file -s b69345d545b450de6ba59aba5edd18370e1924e9 [43ms]
2025-03-01 09:30:33.587 [info] > git for-each-ref --format=%(refname)%00%(upstream:short)%00%(objectname)%00%(upstream:track)%00%(upstream:remotename)%00%(upstream:remoteref) refs/heads/main refs/remotes/main [61ms]
2025-03-01 09:30:33.613 [warning] [Git][revParse] Unable to read file: ENOENT: no such file or directory, open '/home/arthur/.config/waybar/.git/refs/remotes/origin/main'
2025-03-01 09:30:33.620 [info] > git rev-parse refs/remotes/origin/main [7ms]
2025-03-01 09:30:33.659 [info] > git status -z -uall [25ms]
2025-03-01 09:30:33.660 [info] > git for-each-ref --sort -committerdate --format %(refname) %(objectname) %(*objectname) [7ms]
2025-03-01 09:30:59.526 [info] > git blame --root --incremental 6da802b36d58ea4dd639148fdabcfc67f5cb06b8 -- /home/arthur/.config/waybar/style.css [16ms]
2025-03-01 09:31:05.386 [info] > git config --get commit.template [2ms]
2025-03-01 09:31:05.397 [info] > git for-each-ref --format=%(refname)%00%(upstream:short)%00%(objectname)%00%(upstream:track)%00%(upstream:remotename)%00%(upstream:remoteref) refs/heads/main refs/remotes/main [2ms]
2025-03-01 09:31:05.409 [warning] [Git][revParse] Unable to read file: ENOENT: no such file or directory, open '/home/arthur/.config/waybar/.git/refs/remotes/origin/main'
2025-03-01 09:31:05.411 [info] > git rev-parse refs/remotes/origin/main [1ms]
2025-03-01 09:31:05.432 [info] > git status -z -uall [11ms]
2025-03-01 09:31:05.435 [info] > git for-each-ref --sort -committerdate --format %(refname) %(objectname) %(*objectname) [4ms]
2025-03-01 09:31:55.068 [info] > git show --textconv :config.jsonc [29ms]
2025-03-01 09:31:55.088 [info] > git ls-files --stage -- /home/arthur/.config/waybar/config.jsonc [24ms]
2025-03-01 09:31:55.164 [info] > git cat-file -s 3eb3d7cca9d4ff90539e9c4517b7eb293bc09e11 [61ms]
2025-03-01 09:31:55.274 [info] > git blame --root --incremental 6da802b36d58ea4dd639148fdabcfc67f5cb06b8 -- /home/arthur/.config/waybar/config.jsonc [11ms]
2025-03-01 09:34:06.186 [info] > git config --get commit.template [3ms]
2025-03-01 09:34:06.199 [info] > git for-each-ref --format=%(refname)%00%(upstream:short)%00%(objectname)%00%(upstream:track)%00%(upstream:remotename)%00%(upstream:remoteref) refs/heads/main refs/remotes/main [3ms]
2025-03-01 09:34:06.211 [warning] [Git][revParse] Unable to read file: ENOENT: no such file or directory, open '/home/arthur/.config/waybar/.git/refs/remotes/origin/main'
2025-03-01 09:34:06.217 [info] > git rev-parse refs/remotes/origin/main [6ms]
2025-03-01 09:34:06.246 [info] > git status -z -uall [17ms]
2025-03-01 09:34:06.249 [info] > git for-each-ref --sort -committerdate --format %(refname) %(objectname) %(*objectname) [5ms]
2025-03-01 09:34:11.288 [info] > git config --get commit.template [10ms]
2025-03-01 09:34:11.288 [info] > git for-each-ref --format=%(refname)%00%(upstream:short)%00%(objectname)%00%(upstream:track)%00%(upstream:remotename)%00%(upstream:remoteref) refs/heads/main refs/remotes/main [2ms]
2025-03-01 09:34:11.297 [warning] [Git][revParse] Unable to read file: ENOENT: no such file or directory, open '/home/arthur/.config/waybar/.git/refs/remotes/origin/main'
2025-03-01 09:34:11.299 [info] > git rev-parse refs/remotes/origin/main [2ms]
2025-03-01 09:34:11.319 [info] > git status -z -uall [12ms]
2025-03-01 09:34:11.321 [info] > git for-each-ref --sort -committerdate --format %(refname) %(objectname) %(*objectname) [3ms]
2025-03-01 09:34:16.349 [info] > git config --get commit.template [5ms]
2025-03-01 09:34:16.363 [info] > git for-each-ref --format=%(refname)%00%(upstream:short)%00%(objectname)%00%(upstream:track)%00%(upstream:remotename)%00%(upstream:remoteref) refs/heads/main refs/remotes/main [6ms]
2025-03-01 09:34:16.373 [warning] [Git][revParse] Unable to read file: ENOENT: no such file or directory, open '/home/arthur/.config/waybar/.git/refs/remotes/origin/main'
2025-03-01 09:34:16.377 [info] > git rev-parse refs/remotes/origin/main [2ms]
2025-03-01 09:34:16.404 [info] > git status -z -uall [17ms]
2025-03-01 09:34:16.407 [info] > git for-each-ref --sort -committerdate --format %(refname) %(objectname) %(*objectname) [4ms]
2025-03-01 09:36:11.787 [info] > git config --get commit.template [12ms]
2025-03-01 09:36:11.788 [info] > git for-each-ref --format=%(refname)%00%(upstream:short)%00%(objectname)%00%(upstream:track)%00%(upstream:remotename)%00%(upstream:remoteref) refs/heads/main refs/remotes/main [3ms]
2025-03-01 09:36:11.796 [warning] [Git][revParse] Unable to read file: ENOENT: no such file or directory, open '/home/arthur/.config/waybar/.git/refs/remotes/origin/main'
2025-03-01 09:36:11.799 [info] > git rev-parse refs/remotes/origin/main [2ms]
2025-03-01 09:36:11.818 [info] > git status -z -uall [11ms]
2025-03-01 09:36:11.820 [info] > git for-each-ref --sort -committerdate --format %(refname) %(objectname) %(*objectname) [3ms]
2025-03-01 09:36:40.802 [info] > git config --get commit.template [13ms]
2025-03-01 09:36:40.803 [info] > git for-each-ref --format=%(refname)%00%(upstream:short)%00%(objectname)%00%(upstream:track)%00%(upstream:remotename)%00%(upstream:remoteref) refs/heads/main refs/remotes/main [2ms]
2025-03-01 09:36:40.814 [warning] [Git][revParse] Unable to read file: ENOENT: no such file or directory, open '/home/arthur/.config/waybar/.git/refs/remotes/origin/main'
2025-03-01 09:36:40.816 [info] > git rev-parse refs/remotes/origin/main [2ms]
2025-03-01 09:36:40.840 [info] > git status -z -uall [13ms]
2025-03-01 09:36:40.844 [info] > git for-each-ref --sort -committerdate --format %(refname) %(objectname) %(*objectname) [6ms]
2025-03-01 09:36:56.787 [info] > git config --get commit.template [2ms]
2025-03-01 09:36:56.800 [info] > git for-each-ref --format=%(refname)%00%(upstream:short)%00%(objectname)%00%(upstream:track)%00%(upstream:remotename)%00%(upstream:remoteref) refs/heads/main refs/remotes/main [2ms]
2025-03-01 09:36:56.810 [warning] [Git][revParse] Unable to read file: ENOENT: no such file or directory, open '/home/arthur/.config/waybar/.git/refs/remotes/origin/main'
2025-03-01 09:36:56.813 [info] > git rev-parse refs/remotes/origin/main [3ms]
2025-03-01 09:36:56.838 [info] > git status -z -uall [16ms]
2025-03-01 09:36:56.841 [info] > git for-each-ref --sort -committerdate --format %(refname) %(objectname) %(*objectname) [5ms]
2025-03-01 09:37:16.062 [info] > git config --get commit.template [11ms]
2025-03-01 09:37:16.063 [info] > git for-each-ref --format=%(refname)%00%(upstream:short)%00%(objectname)%00%(upstream:track)%00%(upstream:remotename)%00%(upstream:remoteref) refs/heads/main refs/remotes/main [2ms]
2025-03-01 09:37:16.073 [warning] [Git][revParse] Unable to read file: ENOENT: no such file or directory, open '/home/arthur/.config/waybar/.git/refs/remotes/origin/main'
2025-03-01 09:37:16.074 [info] > git rev-parse refs/remotes/origin/main [1ms]
2025-03-01 09:37:16.095 [info] > git status -z -uall [12ms]
2025-03-01 09:37:16.097 [info] > git for-each-ref --sort -committerdate --format %(refname) %(objectname) %(*objectname) [3ms]
2025-03-01 09:38:25.177 [info] > git config --get commit.template [3ms]
2025-03-01 09:38:25.194 [info] > git for-each-ref --format=%(refname)%00%(upstream:short)%00%(objectname)%00%(upstream:track)%00%(upstream:remotename)%00%(upstream:remoteref) refs/heads/main refs/remotes/main [2ms]
2025-03-01 09:38:25.202 [warning] [Git][revParse] Unable to read file: ENOENT: no such file or directory, open '/home/arthur/.config/waybar/.git/refs/remotes/origin/main'
2025-03-01 09:38:25.204 [info] > git rev-parse refs/remotes/origin/main [2ms]
2025-03-01 09:38:25.225 [info] > git status -z -uall [11ms]
2025-03-01 09:38:25.227 [info] > git for-each-ref --sort -committerdate --format %(refname) %(objectname) %(*objectname) [3ms]
2025-03-01 09:41:26.891 [info] > git config --get commit.template [10ms]
2025-03-01 09:41:26.892 [info] > git for-each-ref --format=%(refname)%00%(upstream:short)%00%(objectname)%00%(upstream:track)%00%(upstream:remotename)%00%(upstream:remoteref) refs/heads/main refs/remotes/main [2ms]
2025-03-01 09:41:26.900 [warning] [Git][revParse] Unable to read file: ENOENT: no such file or directory, open '/home/arthur/.config/waybar/.git/refs/remotes/origin/main'
2025-03-01 09:41:26.902 [info] > git rev-parse refs/remotes/origin/main [2ms]
2025-03-01 09:41:26.923 [info] > git status -z -uall [12ms]
2025-03-01 09:41:26.926 [info] > git for-each-ref --sort -committerdate --format %(refname) %(objectname) %(*objectname) [4ms]
2025-03-01 09:44:51.306 [info] > git config --get commit.template [14ms]
2025-03-01 09:44:51.307 [info] > git for-each-ref --format=%(refname)%00%(upstream:short)%00%(objectname)%00%(upstream:track)%00%(upstream:remotename)%00%(upstream:remoteref) refs/heads/main refs/remotes/main [2ms]
2025-03-01 09:44:51.319 [warning] [Git][revParse] Unable to read file: ENOENT: no such file or directory, open '/home/arthur/.config/waybar/.git/refs/remotes/origin/main'
2025-03-01 09:44:51.320 [info] > git rev-parse refs/remotes/origin/main [1ms]
2025-03-01 09:44:51.350 [info] > git status -z -uall [15ms]
2025-03-01 09:44:51.353 [info] > git for-each-ref --sort -committerdate --format %(refname) %(objectname) %(*objectname) [6ms]
2025-03-01 09:45:39.295 [info] > git config --get commit.template [18ms]
2025-03-01 09:45:39.297 [info] > git for-each-ref --format=%(refname)%00%(upstream:short)%00%(objectname)%00%(upstream:track)%00%(upstream:remotename)%00%(upstream:remoteref) refs/heads/main refs/remotes/main [3ms]
2025-03-01 09:45:39.321 [warning] [Git][revParse] Unable to read file: ENOENT: no such file or directory, open '/home/arthur/.config/waybar/.git/refs/remotes/origin/main'
2025-03-01 09:45:39.323 [info] > git rev-parse refs/remotes/origin/main [2ms]
2025-03-01 09:45:39.345 [info] > git status -z -uall [12ms]
2025-03-01 09:45:39.347 [info] > git for-each-ref --sort -committerdate --format %(refname) %(objectname) %(*objectname) [3ms]
2025-03-01 09:46:09.646 [info] > git config --get commit.template [2ms]
2025-03-01 09:46:09.657 [info] > git for-each-ref --format=%(refname)%00%(upstream:short)%00%(objectname)%00%(upstream:track)%00%(upstream:remotename)%00%(upstream:remoteref) refs/heads/main refs/remotes/main [2ms]
2025-03-01 09:46:09.666 [warning] [Git][revParse] Unable to read file: ENOENT: no such file or directory, open '/home/arthur/.config/waybar/.git/refs/remotes/origin/main'
2025-03-01 09:46:09.668 [info] > git rev-parse refs/remotes/origin/main [2ms]
2025-03-01 09:46:09.689 [info] > git status -z -uall [12ms]
2025-03-01 09:46:09.691 [info] > git for-each-ref --sort -committerdate --format %(refname) %(objectname) %(*objectname) [4ms]
2025-03-01 09:46:19.170 [info] > git config --get commit.template [24ms]
2025-03-01 09:46:19.174 [info] > git for-each-ref --format=%(refname)%00%(upstream:short)%00%(objectname)%00%(upstream:track)%00%(upstream:remotename)%00%(upstream:remoteref) refs/heads/main refs/remotes/main [5ms]
2025-03-01 09:46:19.187 [warning] [Git][revParse] Unable to read file: ENOENT: no such file or directory, open '/home/arthur/.config/waybar/.git/refs/remotes/origin/main'
2025-03-01 09:46:19.192 [info] > git rev-parse refs/remotes/origin/main [5ms]
2025-03-01 09:46:19.224 [info] > git status -z -uall [20ms]
2025-03-01 09:46:19.227 [info] > git for-each-ref --sort -committerdate --format %(refname) %(objectname) %(*objectname) [6ms]
2025-03-01 09:46:45.432 [info] > git show --textconv :config.jsonc [29ms]
2025-03-01 09:46:45.445 [info] > git ls-files --stage -- /home/arthur/.config/waybar/config.jsonc [14ms]
2025-03-01 09:46:45.472 [info] > git cat-file -s 3eb3d7cca9d4ff90539e9c4517b7eb293bc09e11 [14ms]
2025-03-01 09:47:12.945 [info] > git config --get commit.template [13ms]
2025-03-01 09:47:12.947 [info] > git for-each-ref --format=%(refname)%00%(upstream:short)%00%(objectname)%00%(upstream:track)%00%(upstream:remotename)%00%(upstream:remoteref) refs/heads/main refs/remotes/main [4ms]
2025-03-01 09:47:12.958 [warning] [Git][revParse] Unable to read file: ENOENT: no such file or directory, open '/home/arthur/.config/waybar/.git/refs/remotes/origin/main'
2025-03-01 09:47:12.960 [info] > git rev-parse refs/remotes/origin/main [2ms]
2025-03-01 09:47:12.983 [info] > git status -z -uall [13ms]
2025-03-01 09:47:12.985 [info] > git for-each-ref --sort -committerdate --format %(refname) %(objectname) %(*objectname) [3ms]
2025-03-01 09:47:22.711 [info] > git config --get commit.template [23ms]
2025-03-01 09:47:22.716 [info] > git for-each-ref --format=%(refname)%00%(upstream:short)%00%(objectname)%00%(upstream:track)%00%(upstream:remotename)%00%(upstream:remoteref) refs/heads/main refs/remotes/main [14ms]
2025-03-01 09:47:22.731 [warning] [Git][revParse] Unable to read file: ENOENT: no such file or directory, open '/home/arthur/.config/waybar/.git/refs/remotes/origin/main'
2025-03-01 09:47:22.736 [info] > git rev-parse refs/remotes/origin/main [4ms]
2025-03-01 09:47:22.761 [info] > git status -z -uall [13ms]
2025-03-01 09:47:22.763 [info] > git for-each-ref --sort -committerdate --format %(refname) %(objectname) %(*objectname) [3ms]
2025-03-01 09:47:27.808 [info] > git config --get commit.template [11ms]
2025-03-01 09:47:27.809 [info] > git for-each-ref --format=%(refname)%00%(upstream:short)%00%(objectname)%00%(upstream:track)%00%(upstream:remotename)%00%(upstream:remoteref) refs/heads/main refs/remotes/main [2ms]
2025-03-01 09:47:27.818 [warning] [Git][revParse] Unable to read file: ENOENT: no such file or directory, open '/home/arthur/.config/waybar/.git/refs/remotes/origin/main'
2025-03-01 09:47:27.820 [info] > git rev-parse refs/remotes/origin/main [2ms]
2025-03-01 09:47:27.841 [info] > git status -z -uall [12ms]
2025-03-01 09:47:27.843 [info] > git for-each-ref --sort -committerdate --format %(refname) %(objectname) %(*objectname) [3ms]
2025-03-01 09:48:07.522 [info] > git config --get commit.template [14ms]
2025-03-01 09:48:07.523 [info] > git for-each-ref --format=%(refname)%00%(upstream:short)%00%(objectname)%00%(upstream:track)%00%(upstream:remotename)%00%(upstream:remoteref) refs/heads/main refs/remotes/main [2ms]
2025-03-01 09:48:07.534 [warning] [Git][revParse] Unable to read file: ENOENT: no such file or directory, open '/home/arthur/.config/waybar/.git/refs/remotes/origin/main'
2025-03-01 09:48:07.535 [info] > git rev-parse refs/remotes/origin/main [1ms]
2025-03-01 09:48:07.561 [info] > git status -z -uall [14ms]
2025-03-01 09:48:07.563 [info] > git for-each-ref --sort -committerdate --format %(refname) %(objectname) %(*objectname) [4ms]
2025-03-01 09:48:12.607 [info] > git config --get commit.template [13ms]
2025-03-01 09:48:12.608 [info] > git for-each-ref --format=%(refname)%00%(upstream:short)%00%(objectname)%00%(upstream:track)%00%(upstream:remotename)%00%(upstream:remoteref) refs/heads/main refs/remotes/main [3ms]
2025-03-01 09:48:12.618 [warning] [Git][revParse] Unable to read file: ENOENT: no such file or directory, open '/home/arthur/.config/waybar/.git/refs/remotes/origin/main'
2025-03-01 09:48:12.619 [info] > git rev-parse refs/remotes/origin/main [2ms]
2025-03-01 09:48:12.641 [info] > git status -z -uall [13ms]
2025-03-01 09:48:12.643 [info] > git for-each-ref --sort -committerdate --format %(refname) %(objectname) %(*objectname) [4ms]
2025-03-01 09:50:10.207 [info] > git config --get commit.template [4ms]
2025-03-01 09:50:10.233 [info] > git for-each-ref --format=%(refname)%00%(upstream:short)%00%(objectname)%00%(upstream:track)%00%(upstream:remotename)%00%(upstream:remoteref) refs/heads/main refs/remotes/main [4ms]
2025-03-01 09:50:10.257 [warning] [Git][revParse] Unable to read file: ENOENT: no such file or directory, open '/home/arthur/.config/waybar/.git/refs/remotes/origin/main'
2025-03-01 09:50:10.259 [info] > git rev-parse refs/remotes/origin/main [1ms]
2025-03-01 09:50:10.298 [info] > git status -z -uall [23ms]
2025-03-01 09:50:10.303 [info] > git for-each-ref --sort -committerdate --format %(refname) %(objectname) %(*objectname) [10ms]
2025-03-01 09:50:15.343 [info] > git config --get commit.template [11ms]
2025-03-01 09:50:15.345 [info] > git for-each-ref --format=%(refname)%00%(upstream:short)%00%(objectname)%00%(upstream:track)%00%(upstream:remotename)%00%(upstream:remoteref) refs/heads/main refs/remotes/main [2ms]
2025-03-01 09:50:15.354 [warning] [Git][revParse] Unable to read file: ENOENT: no such file or directory, open '/home/arthur/.config/waybar/.git/refs/remotes/origin/main'
2025-03-01 09:50:15.356 [info] > git rev-parse refs/remotes/origin/main [2ms]
2025-03-01 09:50:15.377 [info] > git status -z -uall [12ms]
2025-03-01 09:50:15.379 [info] > git for-each-ref --sort -committerdate --format %(refname) %(objectname) %(*objectname) [3ms]
2025-03-01 09:52:01.136 [info] > git config --get commit.template [10ms]
2025-03-01 09:52:01.137 [info] > git for-each-ref --format=%(refname)%00%(upstream:short)%00%(objectname)%00%(upstream:track)%00%(upstream:remotename)%00%(upstream:remoteref) refs/heads/main refs/remotes/main [3ms]
2025-03-01 09:52:01.146 [warning] [Git][revParse] Unable to read file: ENOENT: no such file or directory, open '/home/arthur/.config/waybar/.git/refs/remotes/origin/main'
2025-03-01 09:52:01.148 [info] > git rev-parse refs/remotes/origin/main [2ms]
2025-03-01 09:52:01.173 [info] > git status -z -uall [16ms]
2025-03-01 09:52:01.173 [info] > git for-each-ref --sort -committerdate --format %(refname) %(objectname) %(*objectname) [3ms]
2025-03-01 09:52:25.554 [info] > git config --get commit.template [2ms]
2025-03-01 09:52:25.566 [info] > git for-each-ref --format=%(refname)%00%(upstream:short)%00%(objectname)%00%(upstream:track)%00%(upstream:remotename)%00%(upstream:remoteref) refs/heads/main refs/remotes/main [2ms]
2025-03-01 09:52:25.575 [warning] [Git][revParse] Unable to read file: ENOENT: no such file or directory, open '/home/arthur/.config/waybar/.git/refs/remotes/origin/main'
2025-03-01 09:52:25.577 [info] > git rev-parse refs/remotes/origin/main [2ms]
2025-03-01 09:52:25.598 [info] > git status -z -uall [12ms]
2025-03-01 09:52:25.600 [info] > git for-each-ref --sort -committerdate --format %(refname) %(objectname) %(*objectname) [3ms]
2025-03-01 09:53:07.815 [info] > git for-each-ref --format=%(refname)%00%(upstream:short)%00%(objectname)%00%(upstream:track)%00%(upstream:remotename)%00%(upstream:remoteref) refs/heads/main refs/remotes/main [3ms]
2025-03-01 09:53:07.816 [info] > git config --get commit.template [16ms]
2025-03-01 09:53:07.827 [warning] [Git][revParse] Unable to read file: ENOENT: no such file or directory, open '/home/arthur/.config/waybar/.git/refs/remotes/origin/main'
2025-03-01 09:53:07.830 [info] > git rev-parse refs/remotes/origin/main [3ms]
2025-03-01 09:53:07.851 [info] > git status -z -uall [12ms]
2025-03-01 09:53:07.853 [info] > git for-each-ref --sort -committerdate --format %(refname) %(objectname) %(*objectname) [3ms]
2025-03-01 09:53:37.143 [info] > git config --get commit.template [9ms]
2025-03-01 09:53:37.177 [info] > git for-each-ref --format=%(refname)%00%(upstream:short)%00%(objectname)%00%(upstream:track)%00%(upstream:remotename)%00%(upstream:remoteref) refs/heads/main refs/remotes/main [6ms]
2025-03-01 09:53:37.204 [warning] [Git][revParse] Unable to read file: ENOENT: no such file or directory, open '/home/arthur/.config/waybar/.git/refs/remotes/origin/main'
2025-03-01 09:53:37.207 [info] > git rev-parse refs/remotes/origin/main [3ms]
2025-03-01 09:53:37.250 [info] > git status -z -uall [24ms]
2025-03-01 09:53:37.253 [info] > git for-each-ref --sort -committerdate --format %(refname) %(objectname) %(*objectname) [10ms]
2025-03-01 09:53:51.202 [info] > git config --get commit.template [8ms]
2025-03-01 09:53:51.250 [info] > git for-each-ref --format=%(refname)%00%(upstream:short)%00%(objectname)%00%(upstream:track)%00%(upstream:remotename)%00%(upstream:remoteref) refs/heads/main refs/remotes/main [15ms]
2025-03-01 09:53:51.266 [warning] [Git][revParse] Unable to read file: ENOENT: no such file or directory, open '/home/arthur/.config/waybar/.git/refs/remotes/origin/main'
2025-03-01 09:53:51.268 [info] > git rev-parse refs/remotes/origin/main [3ms]
2025-03-01 09:53:51.302 [info] > git status -z -uall [20ms]
2025-03-01 09:53:51.307 [info] > git for-each-ref --sort -committerdate --format %(refname) %(objectname) %(*objectname) [8ms]
2025-03-01 09:54:05.304 [info] > git config --get commit.template [13ms]
2025-03-01 09:54:05.306 [info] > git for-each-ref --format=%(refname)%00%(upstream:short)%00%(objectname)%00%(upstream:track)%00%(upstream:remotename)%00%(upstream:remoteref) refs/heads/main refs/remotes/main [3ms]
2025-03-01 09:54:05.319 [warning] [Git][revParse] Unable to read file: ENOENT: no such file or directory, open '/home/arthur/.config/waybar/.git/refs/remotes/origin/main'
2025-03-01 09:54:05.320 [info] > git rev-parse refs/remotes/origin/main [1ms]
2025-03-01 09:54:05.344 [info] > git status -z -uall [14ms]
2025-03-01 09:54:05.346 [info] > git for-each-ref --sort -committerdate --format %(refname) %(objectname) %(*objectname) [5ms]
2025-03-01 09:55:23.730 [info] > git config --get commit.template [6ms]
2025-03-01 09:55:23.759 [info] > git for-each-ref --format=%(refname)%00%(upstream:short)%00%(objectname)%00%(upstream:track)%00%(upstream:remotename)%00%(upstream:remoteref) refs/heads/main refs/remotes/main [5ms]
2025-03-01 09:55:23.773 [warning] [Git][revParse] Unable to read file: ENOENT: no such file or directory, open '/home/arthur/.config/waybar/.git/refs/remotes/origin/main'
2025-03-01 09:55:23.775 [info] > git rev-parse refs/remotes/origin/main [1ms]
2025-03-01 09:55:23.803 [info] > git status -z -uall [17ms]
2025-03-01 09:55:23.804 [info] > git for-each-ref --sort -committerdate --format %(refname) %(objectname) %(*objectname) [5ms]
2025-03-01 09:56:09.615 [info] > git config --get commit.template [6ms]
2025-03-01 09:56:09.648 [info] > git for-each-ref --format=%(refname)%00%(upstream:short)%00%(objectname)%00%(upstream:track)%00%(upstream:remotename)%00%(upstream:remoteref) refs/heads/main refs/remotes/main [4ms]
2025-03-01 09:56:09.662 [warning] [Git][revParse] Unable to read file: ENOENT: no such file or directory, open '/home/arthur/.config/waybar/.git/refs/remotes/origin/main'
2025-03-01 09:56:09.667 [info] > git rev-parse refs/remotes/origin/main [5ms]
2025-03-01 09:56:09.697 [info] > git status -z -uall [16ms]
2025-03-01 09:56:09.698 [info] > git for-each-ref --sort -committerdate --format %(refname) %(objectname) %(*objectname) [2ms]
2025-03-01 10:00:27.128 [info] > git config --get commit.template [12ms]
2025-03-01 10:00:27.129 [info] > git for-each-ref --format=%(refname)%00%(upstream:short)%00%(objectname)%00%(upstream:track)%00%(upstream:remotename)%00%(upstream:remoteref) refs/heads/main refs/remotes/main [2ms]
2025-03-01 10:00:27.138 [warning] [Git][revParse] Unable to read file: ENOENT: no such file or directory, open '/home/arthur/.config/waybar/.git/refs/remotes/origin/main'
2025-03-01 10:00:27.140 [info] > git rev-parse refs/remotes/origin/main [2ms]
2025-03-01 10:00:27.162 [info] > git status -z -uall [12ms]
2025-03-01 10:00:27.164 [info] > git for-each-ref --sort -committerdate --format %(refname) %(objectname) %(*objectname) [3ms]
2025-03-01 10:07:03.890 [info] > git config --get commit.template [13ms]
2025-03-01 10:07:03.891 [info] > git for-each-ref --format=%(refname)%00%(upstream:short)%00%(objectname)%00%(upstream:track)%00%(upstream:remotename)%00%(upstream:remoteref) refs/heads/main refs/remotes/main [2ms]
2025-03-01 10:07:03.901 [warning] [Git][revParse] Unable to read file: ENOENT: no such file or directory, open '/home/arthur/.config/waybar/.git/refs/remotes/origin/main'
2025-03-01 10:07:03.902 [info] > git rev-parse refs/remotes/origin/main [2ms]
2025-03-01 10:07:03.923 [info] > git status -z -uall [12ms]
2025-03-01 10:07:03.925 [info] > git for-each-ref --sort -committerdate --format %(refname) %(objectname) %(*objectname) [3ms]
2025-03-01 10:11:02.530 [info] > git config --get commit.template [8ms]
2025-03-01 10:11:02.579 [info] > git for-each-ref --format=%(refname)%00%(upstream:short)%00%(objectname)%00%(upstream:track)%00%(upstream:remotename)%00%(upstream:remoteref) refs/heads/main refs/remotes/main [12ms]
2025-03-01 10:11:02.611 [warning] [Git][revParse] Unable to read file: ENOENT: no such file or directory, open '/home/arthur/.config/waybar/.git/refs/remotes/origin/main'
2025-03-01 10:11:02.615 [info] > git rev-parse refs/remotes/origin/main [4ms]
2025-03-01 10:11:02.666 [info] > git status -z -uall [22ms]
2025-03-01 10:11:02.669 [info] > git for-each-ref --sort -committerdate --format %(refname) %(objectname) %(*objectname) [6ms]
2025-03-01 10:11:39.402 [info] > git show --textconv :scripts/waybar-wttr.py [69ms]
2025-03-01 10:11:39.423 [info] > git ls-files --stage -- /home/arthur/.config/waybar/scripts/waybar-wttr.py [23ms]
2025-03-01 10:11:39.510 [info] > git cat-file -s 658524285e12f70ed5853cb9c7828bfaaf7326ab [13ms]
2025-03-01 10:11:39.613 [info] > git blame --root --incremental 6da802b36d58ea4dd639148fdabcfc67f5cb06b8 -- /home/arthur/.config/waybar/scripts/waybar-wttr.py [13ms]
2025-03-01 10:13:25.550 [info] > git config --get commit.template [11ms]
2025-03-01 10:13:25.552 [info] > git for-each-ref --format=%(refname)%00%(upstream:short)%00%(objectname)%00%(upstream:track)%00%(upstream:remotename)%00%(upstream:remoteref) refs/heads/main refs/remotes/main [3ms]
2025-03-01 10:13:25.561 [warning] [Git][revParse] Unable to read file: ENOENT: no such file or directory, open '/home/arthur/.config/waybar/.git/refs/remotes/origin/main'
2025-03-01 10:13:25.563 [info] > git rev-parse refs/remotes/origin/main [2ms]
2025-03-01 10:13:25.593 [info] > git status -z -uall [20ms]
2025-03-01 10:13:25.597 [info] > git for-each-ref --sort -committerdate --format %(refname) %(objectname) %(*objectname) [5ms]
2025-03-01 10:14:00.579 [info] > git config --get commit.template [48ms]
2025-03-01 10:14:00.585 [info] > git for-each-ref --format=%(refname)%00%(upstream:short)%00%(objectname)%00%(upstream:track)%00%(upstream:remotename)%00%(upstream:remoteref) refs/heads/main refs/remotes/main [8ms]
2025-03-01 10:14:00.641 [warning] [Git][revParse] Unable to read file: ENOENT: no such file or directory, open '/home/arthur/.config/waybar/.git/refs/remotes/origin/main'
2025-03-01 10:14:00.649 [info] > git rev-parse refs/remotes/origin/main [8ms]
2025-03-01 10:14:00.761 [info] > git status -z -uall [55ms]
2025-03-01 10:14:00.772 [info] > git for-each-ref --sort -committerdate --format %(refname) %(objectname) %(*objectname) [19ms]
2025-03-01 10:16:22.297 [info] > git config --get commit.template [12ms]
2025-03-01 10:16:22.298 [info] > git for-each-ref --format=%(refname)%00%(upstream:short)%00%(objectname)%00%(upstream:track)%00%(upstream:remotename)%00%(upstream:remoteref) refs/heads/main refs/remotes/main [2ms]
2025-03-01 10:16:22.307 [warning] [Git][revParse] Unable to read file: ENOENT: no such file or directory, open '/home/arthur/.config/waybar/.git/refs/remotes/origin/main'
2025-03-01 10:16:22.309 [info] > git rev-parse refs/remotes/origin/main [1ms]
2025-03-01 10:16:22.334 [info] > git status -z -uall [17ms]
2025-03-01 10:16:22.339 [info] > git for-each-ref --sort -committerdate --format %(refname) %(objectname) %(*objectname) [6ms]
2025-03-01 10:16:52.682 [info] > git config --get commit.template [10ms]
2025-03-01 10:16:52.684 [info] > git for-each-ref --format=%(refname)%00%(upstream:short)%00%(objectname)%00%(upstream:track)%00%(upstream:remotename)%00%(upstream:remoteref) refs/heads/main refs/remotes/main [3ms]
2025-03-01 10:16:52.693 [warning] [Git][revParse] Unable to read file: ENOENT: no such file or directory, open '/home/arthur/.config/waybar/.git/refs/remotes/origin/main'
2025-03-01 10:16:52.694 [info] > git rev-parse refs/remotes/origin/main [1ms]
2025-03-01 10:16:52.715 [info] > git status -z -uall [12ms]
2025-03-01 10:16:52.718 [info] > git for-each-ref --sort -committerdate --format %(refname) %(objectname) %(*objectname) [4ms]
2025-03-01 10:17:32.429 [info] > git config --get commit.template [11ms]
2025-03-01 10:17:32.430 [info] > git for-each-ref --format=%(refname)%00%(upstream:short)%00%(objectname)%00%(upstream:track)%00%(upstream:remotename)%00%(upstream:remoteref) refs/heads/main refs/remotes/main [2ms]
2025-03-01 10:17:32.439 [warning] [Git][revParse] Unable to read file: ENOENT: no such file or directory, open '/home/arthur/.config/waybar/.git/refs/remotes/origin/main'
2025-03-01 10:17:32.441 [info] > git rev-parse refs/remotes/origin/main [2ms]
2025-03-01 10:17:32.463 [info] > git status -z -uall [14ms]
2025-03-01 10:17:32.465 [info] > git for-each-ref --sort -committerdate --format %(refname) %(objectname) %(*objectname) [3ms]
2025-03-01 10:19:03.012 [info] > git config --get commit.template [11ms]
2025-03-01 10:19:03.014 [info] > git for-each-ref --format=%(refname)%00%(upstream:short)%00%(objectname)%00%(upstream:track)%00%(upstream:remotename)%00%(upstream:remoteref) refs/heads/main refs/remotes/main [3ms]
2025-03-01 10:19:03.023 [warning] [Git][revParse] Unable to read file: ENOENT: no such file or directory, open '/home/arthur/.config/waybar/.git/refs/remotes/origin/main'
2025-03-01 10:19:03.024 [info] > git rev-parse refs/remotes/origin/main [1ms]
2025-03-01 10:19:03.047 [info] > git status -z -uall [13ms]
2025-03-01 10:19:03.049 [info] > git for-each-ref --sort -committerdate --format %(refname) %(objectname) %(*objectname) [3ms]
